[0.431s] DEBUG:colcon:Command line arguments: ['/usr/bin/colcon', 'list', '-p', '--base-paths', '/home/mhmd/robot_ws/src']
[0.431s] DEBUG:colcon:Parsed command line arguments: Namespace(allow_overriding=[], base_paths=['/home/mhmd/robot_ws/src'], build_base='build', ignore_user_meta=False, log_base=None, log_level=None, main=<bound method ListVerb.main of <colcon_package_information.verb.list.ListVerb object at 0x7f460e7da610>>, metas=['./colcon.meta'], mixin=None, mixin_files=None, mixin_verb=('list',), names_only=False, packages_above=None, packages_above_and_dependencies=None, packages_above_depth=None, packages_end=None, packages_ignore=None, packages_ignore_regex=None, packages_select=None, packages_select_build_failed=False, packages_select_by_dep=None, packages_select_regex=None, packages_select_test_failures=False, packages_skip=None, packages_skip_build_finished=False, packages_skip_by_dep=None, packages_skip_regex=None, packages_skip_test_passed=False, packages_skip_up_to=None, packages_start=None, packages_up_to=None, packages_up_to_regex=None, paths=None, paths_only=True, topological_graph=False, topological_graph_density=False, topological_graph_dot=False, topological_graph_dot_cluster=False, topological_graph_dot_include_skipped=False, topological_graph_legend=False, topological_order=False, verb_extension=<colcon_package_information.verb.list.ListVerb object at 0x7f460e7da610>, verb_name='list', verb_parser=<colcon_mixin.mixin.mixin_argument.MixinArgumentDecorator object at 0x7f460e7047c0>)
[0.717s] Level 1:colcon.colcon_core.package_discovery:discover_packages(colcon_meta) check parameters
[0.718s] Level 1:colcon.colcon_core.package_discovery:discover_packages(recursive) check parameters
[0.718s] Level 1:colcon.colcon_core.package_discovery:discover_packages(ignore) check parameters
[0.718s] Level 1:colcon.colcon_core.package_discovery:discover_packages(path) check parameters
[0.718s] Level 1:colcon.colcon_core.package_discovery:discover_packages(recursive) discover
[0.718s] INFO:colcon.colcon_core.package_discovery:Crawling recursively for packages in '/home/mhmd/robot_ws/src'
[0.719s] Level 1:colcon.colcon_core.package_identification:_identify(/home/mhmd/robot_ws/src) by extensions ['ignore', 'ignore_ament_install']
[0.719s] Level 1:colcon.colcon_core.package_identification:_identify(/home/mhmd/robot_ws/src) by extension 'ignore'
[0.719s] Level 1:colcon.colcon_core.package_identification:_identify(/home/mhmd/robot_ws/src) by extension 'ignore_ament_install'
[0.719s] Level 1:colcon.colcon_core.package_identification:_identify(/home/mhmd/robot_ws/src) by extensions ['colcon_pkg']
[0.719s] Level 1:colcon.colcon_core.package_identification:_identify(/home/mhmd/robot_ws/src) by extension 'colcon_pkg'
[0.719s] Level 1:colcon.colcon_core.package_identification:_identify(/home/mhmd/robot_ws/src) by extensions ['colcon_meta']
[0.719s] Level 1:colcon.colcon_core.package_identification:_identify(/home/mhmd/robot_ws/src) by extension 'colcon_meta'
[0.720s] Level 1:colcon.colcon_core.package_identification:_identify(/home/mhmd/robot_ws/src) by extensions ['ros']
[0.720s] Level 1:colcon.colcon_core.package_identification:_identify(/home/mhmd/robot_ws/src) by extension 'ros'
[0.739s] Level 1:colcon.colcon_core.package_identification:_identify(/home/mhmd/robot_ws/src) by extensions ['cmake', 'python']
[0.739s] Level 1:colcon.colcon_core.package_identification:_identify(/home/mhmd/robot_ws/src) by extension 'cmake'
[0.740s] Level 1:colcon.colcon_core.package_identification:_identify(/home/mhmd/robot_ws/src) by extension 'python'
[0.740s] Level 1:colcon.colcon_core.package_identification:_identify(/home/mhmd/robot_ws/src) by extensions ['python_setup_py']
[0.740s] Level 1:colcon.colcon_core.package_identification:_identify(/home/mhmd/robot_ws/src) by extension 'python_setup_py'
[0.740s] Level 1:colcon.colcon_core.package_identification:_identify(/home/mhmd/robot_ws/src/diff_bot) by extensions ['ignore', 'ignore_ament_install']
[0.740s] Level 1:colcon.colcon_core.package_identification:_identify(/home/mhmd/robot_ws/src/diff_bot) by extension 'ignore'
[0.740s] Level 1:colcon.colcon_core.package_identification:_identify(/home/mhmd/robot_ws/src/diff_bot) by extension 'ignore_ament_install'
[0.740s] Level 1:colcon.colcon_core.package_identification:_identify(/home/mhmd/robot_ws/src/diff_bot) by extensions ['colcon_pkg']
[0.740s] Level 1:colcon.colcon_core.package_identification:_identify(/home/mhmd/robot_ws/src/diff_bot) by extension 'colcon_pkg'
[0.740s] Level 1:colcon.colcon_core.package_identification:_identify(/home/mhmd/robot_ws/src/diff_bot) by extensions ['colcon_meta']
[0.740s] Level 1:colcon.colcon_core.package_identification:_identify(/home/mhmd/robot_ws/src/diff_bot) by extension 'colcon_meta'
[0.740s] Level 1:colcon.colcon_core.package_identification:_identify(/home/mhmd/robot_ws/src/diff_bot) by extensions ['ros']
[0.740s] Level 1:colcon.colcon_core.package_identification:_identify(/home/mhmd/robot_ws/src/diff_bot) by extension 'ros'
[0.744s] DEBUG:colcon.colcon_core.package_identification:Package '/home/mhmd/robot_ws/src/diff_bot' with type 'ros.ament_cmake' and name 'diff_bot'
[0.745s] Level 1:colcon.colcon_core.package_identification:_identify(/home/mhmd/robot_ws/src/log) by extensions ['ignore', 'ignore_ament_install']
[0.745s] Level 1:colcon.colcon_core.package_identification:_identify(/home/mhmd/robot_ws/src/log) by extension 'ignore'
[0.745s] Level 1:colcon.colcon_core.package_identification:_identify(/home/mhmd/robot_ws/src/log) ignored
[0.745s] Level 1:colcon.colcon_core.package_discovery:discover_packages(recursive) using defaults
